<?xml version="1.0" encoding="UTF-8"?>
<!-- Generated by org.testng.reporters.JUnitReportReporter -->
<testsuite hostname="PANKAJ" name="properties.TestLogin" tests="1" failures="0" timestamp="4 Oct 2018 08:01:32 GMT" time="0.050" errors="0">
  <testcase name="testGrid" time="0.050" classname="properties.TestLogin"/>
</testsuite> <!-- properties.TestLogin -->
