<?xml version="1.0" encoding="UTF-8"?>
<!-- Generated by org.testng.reporters.JUnitReportReporter -->
<testsuite hostname="PANKAJ" name="scriptproject.DemoA" tests="1" failures="0" timestamp="13 Oct 2018 15:01:41 GMT" time="13.107" errors="0">
  <testcase name="testA" time="13.107" classname="scriptproject.DemoA"/>
</testsuite> <!-- scriptproject.DemoA -->
