<?xml version="1.0" encoding="UTF-8"?>
<!-- Generated by org.testng.reporters.JUnitReportReporter -->
<testsuite hostname="PANKAJ" name="script.DemoB$DemoA" tests="1" failures="0" timestamp="5 Oct 2018 02:48:36 GMT" time="15.586" errors="0">
  <testcase name="testA" time="15.586" classname="script.DemoB$DemoA"/>
</testsuite> <!-- script.DemoB$DemoA -->
