<?xml version="1.0" encoding="UTF-8"?>
<!-- Generated by org.testng.reporters.JUnitReportReporter -->
<testsuite hostname="PANKAJ" name="handlexlfile.HandlexlFile" tests="1" failures="0" timestamp="30 Sep 2018 07:10:52 GMT" time="0.659" errors="0">
  <testcase name="testGrid" time="0.659" classname="handlexlfile.HandlexlFile"/>
</testsuite> <!-- handlexlfile.HandlexlFile -->
