<?xml version="1.0" encoding="UTF-8"?>
<!-- Generated by org.testng.reporters.JUnitReportReporter -->
<testsuite hostname="PANKAJ" name="script.OrangeTC1" tests="1" failures="0" timestamp="17 Oct 2018 14:46:28 GMT" time="30.871" errors="0">
  <testcase name="testA" time="30.871" classname="script.OrangeTC1"/>
</testsuite> <!-- script.OrangeTC1 -->
