<?xml version="1.0" encoding="UTF-8"?>
<!-- Generated by org.testng.reporters.JUnitReportReporter -->
<testsuite hostname="PANKAJ" name="script.DemoA" tests="1" failures="0" timestamp="11 Oct 2018 02:58:19 GMT" time="11.188" errors="0">
  <testcase name="testA" time="11.188" classname="script.DemoA"/>
</testsuite> <!-- script.DemoA -->
