<?xml version="1.0" encoding="UTF-8"?>
<!-- Generated by org.testng.reporters.JUnitReportReporter -->
<testsuite hostname="PANKAJ" name="TestMySelf.DemoA" tests="2" failures="0" timestamp="26 Sep 2018 05:34:22 GMT" time="48.368" errors="0">
  <testcase name="testLogin2" time="27.233" classname="TestMySelf.DemoA"/>
  <testcase name="testLogin1" time="21.135" classname="TestMySelf.DemoA"/>
</testsuite> <!-- TestMySelf.DemoA -->
