<?xml version="1.0" encoding="UTF-8"?>
<!-- Generated by org.testng.reporters.JUnitReportReporter -->
<testsuite hostname="PANKAJ" name="script.DemoA2" tests="1" failures="0" timestamp="4 Oct 2018 18:36:27 GMT" time="8.553" errors="0">
  <testcase name="testA" time="8.553" classname="script.DemoA2"/>
</testsuite> <!-- script.DemoA2 -->
