<?xml version="1.0" encoding="UTF-8"?>
<!-- Generated by org.testng.reporters.JUnitReportReporter -->
<testsuite hostname="PANKAJ" name="TestMySelf.TestLoginPort" tests="2" failures="0" timestamp="1 Oct 2018 19:03:23 GMT" time="72.747" errors="0">
  <testcase name="testGrid" time="46.077" classname="TestMySelf.TestLoginPort"/>
  <testcase name="testGrid" time="26.670" classname="TestMySelf.TestLoginPort"/>
</testsuite> <!-- TestMySelf.TestLoginPort -->
